<?xml version="1.0" encoding="UTF-8"?>
<testsuite xmlns:xsi="http://www.w3.org/2001/XMLSchema-instance" xsi:noNamespaceSchemaLocation="https://maven.apache.org/surefire/maven-surefire-plugin/xsd/surefire-test-report.xsd" name="edu.udacity.java.nano.chat.ChatApplicationTest" time="9.101" tests="2" errors="0" skipped="0" failures="0">
  <properties>
[...]
</properties>
  <testcase name="send_message" classname="edu.udacity.java.nano.chat.ChatApplicationTest" time="4.73"/>
  <testcase name="login" classname="edu.udacity.java.nano.chat.ChatApplicationTest" time="1.52"/>
</testsuite>